<?xml version="1.0" encoding="UTF-8"?>

<!--

 Licensed to the Apache Software Foundation (ASF) under one or more
 contributor license agreements.  See the NOTICE file distributed with
 this work for additional information regarding copyright ownership.
 The ASF licenses this file to you under the Apache License, Version 2.0
 (the "License"); you may not use this file except in compliance with
 the License.  You may obtain a copy of the License at

     http://www.apache.org/licenses/LICENSE-2.0

 Unless required by applicable law or agreed to in writing, software
 distributed under the License is distributed on an "AS IS" BASIS,
 WITHOUT WARRANTIES OR CONDITIONS OF ANY KIND, either express or implied.
 See the License for the specific language governing permissions and
 limitations under the License.

 $Id: test-config-5.xml 464373 2006-10-16 04:21:54Z rahul $

-->

<!DOCTYPE faces-config PUBLIC
 '-//Sun Microsystems, Inc.//DTD JavaServer Faces Config 1.1//EN'
 'http://java.sun.com/dtd/web-facesconfig_1_1.dtd'>

<faces-config>

    <!-- Configure a managed bean that is actually a map -->

    <managed-bean>
        <managed-bean-name>stringIntegerMap</managed-bean-name>
        <managed-bean-class>java.util.TreeMap</managed-bean-class>
        <managed-bean-scope>none</managed-bean-scope>
        <map-entries>
            <key-class>java.lang.String</key-class>
            <value-class>java.lang.Integer</value-class>
            <map-entry>
                <key>First</key>
                <value>123</value>
            </map-entry>
            <map-entry>
                <key>Second</key>
                <value>234</value>
            </map-entry>
            <map-entry>
                <key>Third</key>
                <null-value/>
            </map-entry>
            <map-entry>
                <key>Fourth</key>
                <value>345</value>
            </map-entry>
        </map-entries>
    </managed-bean>


    <!-- Configure a managed bean with map properties -->


    <managed-bean>
        <managed-bean-name>mapPropertiesBean</managed-bean-name>
        <managed-bean-class>org.apache.shale.tiger.config.TestBean5</managed-bean-class>
        <managed-bean-scope>application</managed-bean-scope>
        <managed-property>
            <property-name>emptyMap</property-name>
            <map-entries>
                <map-entry>
                    <key>First Key</key>
                    <value>First Value</value>
                </map-entry>
                <map-entry>
                    <key>Second Key</key>
                    <value>Second Value</value>
                </map-entry>
                <map-entry>
                    <key>Third Key</key>
                    <value>Third Value</value>
                </map-entry>
            </map-entries>
        </managed-property>
        <managed-property>
            <property-name>fullMap</property-name>
            <map-entries>
                <map-entry>
                    <key>First Key</key>
                    <value>First Value</value>
                </map-entry>
                <map-entry>
                    <key>Second Key</key>
                    <value>Second Value</value>
                </map-entry>
                <map-entry>
                    <key>Third Key</key>
                    <value>Third Value</value>
                </map-entry>
            </map-entries>
        </managed-property>
    </managed-bean>

</faces-config>
