<?xml version="1.0" encoding="UTF-8"?>
<!--

 Licensed to the Apache Software Foundation (ASF) under one or more
 contributor license agreements.  See the NOTICE file distributed with
 this work for additional information regarding copyright ownership.
 The ASF licenses this file to you under the Apache License, Version 2.0
 (the "License"); you may not use this file except in compliance with
 the License.  You may obtain a copy of the License at

     http://www.apache.org/licenses/LICENSE-2.0

 Unless required by applicable law or agreed to in writing, software
 distributed under the License is distributed on an "AS IS" BASIS,
 WITHOUT WARRANTIES OR CONDITIONS OF ANY KIND, either express or implied.
 See the License for the specific language governing permissions and
 limitations under the License.

-->
<web-app version="2.4" xmlns="http://java.sun.com/xml/ns/j2ee" xmlns:xsi="http://www.w3.org/2001/XMLSchema-instance" xsi:schemaLocation="http://java.sun.com/xml/ns/j2ee                      http://java.sun.com/xml/ns/j2ee/web-app_2_4.xsd">

  <display-name>Pseudo Application for Unit Tests</display-name>

  <!-- JSF RI verify objects at start -->
  <context-param>
    <param-name>com.sun.faces.verifyObjects</param-name>
    <param-value>true</param-value>
  </context-param>

  <!-- Select JSF State Saving Mode -->
  <context-param>
    <param-name>javax.faces.STATE_SAVING_METHOD</param-name>
    <param-value>server</param-value>
  </context-param>

  <!-- Specify faces-config.xml resource paths -->
  <context-param>
    <param-name>javax.faces.CONFIG_FILES</param-name>
    <param-value>
        /WEB-INF/test-config-0.xml,
        /WEB-INF/test-config-1.xml,
        /WEB-INF/test-config-2.xml
    </param-value>
  </context-param>

  <!-- Shale Application Controller Filter -->
  <filter>
    <filter-name>shale</filter-name>
    <filter-class>
      org.apache.shale.faces.ShaleApplicationFilter
    </filter-class>
  </filter>

  <!-- Shale Application Controller Filter Mapping -->
  <filter-mapping>
    <filter-name>shale</filter-name>
    <url-pattern>/*</url-pattern>
  </filter-mapping>

  <!-- JavaServer Faces Servlet Configuration -->
  <servlet>
    <servlet-name>faces</servlet-name>
    <servlet-class>javax.faces.webapp.FacesServlet</servlet-class>
    <load-on-startup>1</load-on-startup>
  </servlet>

  <!-- JavaServer Faces Servlet Mapping -->
  <servlet-mapping>
    <servlet-name>faces</servlet-name>
    <url-pattern>*.faces</url-pattern>
  </servlet-mapping>

  <!-- Welcome File List -->
  <welcome-file-list>
    <welcome-file>index.jsp</welcome-file>
  </welcome-file-list>

</web-app>
